[35m[Appium][39m Welcome to Appium v1.22.3
[35m[Appium][39m Non-default server args:
[35m[Appium][39m   port: 62953
[35m[Appium][39m   tmpDir: C:\Users\FAISAL~1\AppData\Local\Temp\\Katalon\Appium\Temp1679160053787
[35m[Appium][39m   chromedriverPort: 62954
[35m[Appium][39m Deprecated server args:
[35m[Appium][39m   [31m--chromedriver-port[39m => --default-capabilities
[35m[Appium][39m Default capabilities, which will be added to each request unless overridden by desired capabilities:
[35m[Appium][39m   chromedriverPort: 62954
[35m[Appium][39m Appium REST http interface listener started on 0.0.0.0:62953
[35m[HTTP][39m [37m-->[39m [37mGET[39m [37m/wd/hub/status[39m
[35m[HTTP][39m [90m{}[39m
[debug] [35m[GENERIC][39m Calling AppiumDriver.getStatus() with args: []
[debug] [35m[GENERIC][39m Responding to client with driver.getStatus() result: {"build":{"version":"1.22.3"}}
[35m[HTTP][39m [37m<-- GET /wd/hub/status [39m[32m200[39m [90m17 ms - 68[39m
[35m[HTTP][39m [90m[39m
[35m[HTTP][39m [37m-->[39m [37mGET[39m [37m/wd/hub/status[39m
[35m[HTTP][39m [90m{}[39m
[debug] [35m[GENERIC][39m Calling AppiumDriver.getStatus() with args: []
[debug] [35m[GENERIC][39m Responding to client with driver.getStatus() result: {"build":{"version":"1.22.3"}}
[35m[HTTP][39m [37m<-- GET /wd/hub/status [39m[32m200[39m [90m11 ms - 68[39m
[35m[HTTP][39m [90m[39m
[35m[HTTP][39m [37m-->[39m [37mPOST[39m [37m/wd/hub/session[39m
[35m[HTTP][39m [90m{"desiredCapabilities":{"app":"C:\\Users\\Faisal Akmal\\Documents\\Automation\\nodejs-webdriverio-appium\\app\\android\\SampleAndroidApp.apk","noReset":true,"deviceId":"RR8M20EVDME","deviceName":"samsung SM-G973F (Android 12)","fullReset":false,"platform":"ANDROID","newCommandTimeout":1800,"platformVersion":"12","automationName":"uiautomator2","autoGrantPermissions":true,"platformName":"Android","udid":"RR8M20EVDME","systemPort":62965},"capabilities":{"firstMatch":[{"appium:app":"C:\\Users\\Faisal Akmal\\Documents\\Automation\\nodejs-webdriverio-appium\\app\\android\\SampleAndroidApp.apk","appium:autoGrantPermissions":true,"appium:automationName":"uiautomator2","deviceId":"RR8M20EVDME","appium:deviceName":"samsung SM-G973F (Android 12)","appium:fullReset":false,"appium:newCommandTimeout":1800,"appium:noReset":true,"platform":"ANDROID","platformName":"android","appium:platformVersion":"12","appium:systemPort":62965,"appium:udid":"RR8M20EVDME"}]}}[39m
[debug] [35m[W3C][39m Calling AppiumDriver.createSession() with args: [{"app":"C:\\Users\\Faisal Akmal\\Documents\\Automation\\nodejs-webdriverio-appium\\app\\android\\SampleAndroidApp.apk","noReset":true,"deviceId":"RR8M20EVDME","deviceName":"samsung SM-G973F (Android 12)","fullReset":false,"platform":"ANDROID","newCommandTimeout":1800,"platformVersion":"12","automationName":"uiautomator2","autoGrantPermissions":true,"platformName":"Android","udid":"RR8M20EVDME","systemPort":62965},null,{"firstMatch":[{"appium:app":"C:\\Users\\Faisal Akmal\\Documents\\Automation\\nodejs-webdriverio-appium\\app\\android\\SampleAndroidApp.apk","appium:autoGrantPermissions":true,"appium:automationName":"uiautomator2","deviceId":"RR8M20EVDME","appium:deviceName":"samsung SM-G973F (Android 12)","appium:fullReset":false,"appium:newCommandTimeout":1800,"appium:noReset":true,"platform":"ANDROID","platformName":"android","appium:platformVersion":"12","appium:systemPort":62965,"appium:udid":"RR8M20EVDME"}]}]
[debug] [35m[BaseDriver][39m Event 'newSessionRequested' logged at 1679160059692 (00:20:59 GMT+0700 (Western Indonesia Time))
[35m[BaseDriver][39m The following capabilities are not standard capabilities and should have an extension prefix:
[35m[BaseDriver][39m   deviceId
[35m[BaseDriver][39m   platform
[35m[BaseDriver][39m   chromedriverPort
[35m[Appium][39m Appium v1.22.3 creating new AndroidUiautomator2Driver (v1.70.1) session
[debug] [35m[BaseDriver][39m W3C capabilities and MJSONWP desired capabilities were provided
[debug] [35m[BaseDriver][39m Creating session with W3C capabilities: {
[debug] [35m[BaseDriver][39m   "alwaysMatch": {
[debug] [35m[BaseDriver][39m     "appium:deviceId": "RR8M20EVDME",
[debug] [35m[BaseDriver][39m     "appium:platform": "ANDROID",
[debug] [35m[BaseDriver][39m     "platformName": "android",
[debug] [35m[BaseDriver][39m     "appium:chromedriverPort": 62954,
[debug] [35m[BaseDriver][39m     "appium:app": "C:\\Users\\Faisal Akmal\\Documents\\Automation\\nodejs-webdriverio-appium\\app\\android\\SampleAndroidApp.apk",
[debug] [35m[BaseDriver][39m     "appium:autoGrantPermissions": true,
[debug] [35m[BaseDriver][39m     "appium:automationName": "uiautomator2",
[debug] [35m[BaseDriver][39m     "appium:deviceName": "samsung SM-G973F (Android 12)",
[debug] [35m[BaseDriver][39m     "appium:fullReset": false,
[debug] [35m[BaseDriver][39m     "appium:newCommandTimeout": 1800,
[debug] [35m[BaseDriver][39m     "appium:noReset": true,
[debug] [35m[BaseDriver][39m     "appium:platformVersion": "12",
[debug] [35m[BaseDriver][39m     "appium:systemPort": 62965,
[debug] [35m[BaseDriver][39m     "appium:udid": "RR8M20EVDME"
[debug] [35m[BaseDriver][39m   },
[debug] [35m[BaseDriver][39m   "firstMatch": [
[debug] [35m[BaseDriver][39m     {}
[debug] [35m[BaseDriver][39m   ]
[debug] [35m[BaseDriver][39m }
[35m[BaseDriver][39m The following capabilities were provided, but are not recognized by Appium:
[35m[BaseDriver][39m   deviceId
[35m[BaseDriver][39m   platform
[35m[BaseDriver][39m Session created with session id: f95c88df-b288-4fb6-8720-2bcd6a87c135
[35m[BaseDriver][39m Using local app 'C:\Users\Faisal Akmal\Documents\Automation\nodejs-webdriverio-appium\app\android\SampleAndroidApp.apk'
[debug] [35m[UiAutomator2][39m Checking whether app is actually present
[35m[ADB][39m Found 2 'build-tools' folders under 'C:\Users\Faisal Akmal\AppData\Local\Android\Sdk' (newest first):
[35m[ADB][39m     C:/Users/Faisal Akmal/AppData/Local/Android/Sdk/build-tools/32.0.0
[35m[ADB][39m     C:/Users/Faisal Akmal/AppData/Local/Android/Sdk/build-tools/30.0.2
[35m[ADB][39m Using 'adb.exe' from 'C:\Users\Faisal Akmal\AppData\Local\Android\Sdk\platform-tools\adb.exe'
[debug] [35m[ADB][39m Running 'C:\Users\Faisal Akmal\AppData\Local\Android\Sdk\platform-tools\adb.exe -P 5037 start-server'
[35m[AndroidDriver][39m Retrieving device list
[debug] [35m[ADB][39m Trying to find a connected android device
[debug] [35m[ADB][39m Getting connected devices
[debug] [35m[ADB][39m Connected devices: [{"udid":"RR8M20EVDME","state":"device"}]
[35m[AndroidDriver][39m Using device: RR8M20EVDME
[35m[ADB][39m Using 'adb.exe' from 'C:\Users\Faisal Akmal\AppData\Local\Android\Sdk\platform-tools\adb.exe'
[debug] [35m[ADB][39m Running 'C:\Users\Faisal Akmal\AppData\Local\Android\Sdk\platform-tools\adb.exe -P 5037 start-server'
[debug] [35m[ADB][39m Setting device id to RR8M20EVDME
[debug] [35m[ADB][39m Running 'C:\Users\Faisal Akmal\AppData\Local\Android\Sdk\platform-tools\adb.exe -P 5037 -s RR8M20EVDME shell getprop ro.build.version.sdk'
[debug] [35m[ADB][39m Current device property 'ro.build.version.sdk': 31
[35m[ADB][39m Getting device platform version
[debug] [35m[ADB][39m Running 'C:\Users\Faisal Akmal\AppData\Local\Android\Sdk\platform-tools\adb.exe -P 5037 -s RR8M20EVDME shell getprop ro.build.version.release'
[debug] [35m[ADB][39m Current device property 'ro.build.version.release': 12
[debug] [35m[ADB][39m Device API level: 31
[35m[UiAutomator2][39m Relaxing hidden api policy
[debug] [35m[ADB][39m Running 'C:\Users\Faisal Akmal\AppData\Local\Android\Sdk\platform-tools\adb.exe -P 5037 -s RR8M20EVDME shell 'settings put global hidden_api_policy_pre_p_apps 1;settings put global hidden_api_policy_p_apps 1;settings put global hidden_api_policy 1''
[debug] [35m[AndroidDriver][39m Parsing package and activity from app manifest
[35m[ADB][39m Package name: 'com.loginmodule.learning'
[35m[ADB][39m Main activity name: 'com.loginmodule.learning.activities.LoginActivity'
[debug] [35m[AndroidDriver][39m Parsed package and activity are: com.loginmodule.learning/com.loginmodule.learning.activities.LoginActivity
[debug] [35m[ADB][39m Running 'C:\Users\Faisal Akmal\AppData\Local\Android\Sdk\platform-tools\adb.exe -P 5037 -s RR8M20EVDME wait-for-device'
[debug] [35m[ADB][39m Running 'C:\Users\Faisal Akmal\AppData\Local\Android\Sdk\platform-tools\adb.exe -P 5037 -s RR8M20EVDME shell echo ping'
[debug] [35m[AndroidDriver][39m Pushing settings apk to device...
[debug] [35m[ADB][39m Getting install status for io.appium.settings
[debug] [35m[ADB][39m Running 'C:\Users\Faisal Akmal\AppData\Local\Android\Sdk\platform-tools\adb.exe -P 5037 -s RR8M20EVDME shell dumpsys package io.appium.settings'
[debug] [35m[ADB][39m 'io.appium.settings' is installed
[debug] [35m[ADB][39m Getting package info for 'io.appium.settings'
[debug] [35m[ADB][39m Running 'C:\Users\Faisal Akmal\AppData\Local\Android\Sdk\platform-tools\adb.exe -P 5037 -s RR8M20EVDME shell dumpsys package io.appium.settings'
[debug] [35m[ADB][39m The version name of the installed 'io.appium.settings' is greater or equal to the application version name ('3.4.0' >= '3.4.0')
[debug] [35m[ADB][39m There is no need to install/upgrade 'C:\Users\Faisal Akmal\AppData\Roaming\npm\node_modules\appium\node_modules\io.appium.settings\apks\settings_apk-debug.apk'
[debug] [35m[ADB][39m Getting IDs of all 'io.appium.settings' processes
[debug] [35m[ADB][39m Running 'C:\Users\Faisal Akmal\AppData\Local\Android\Sdk\platform-tools\adb.exe -P 5037 -s RR8M20EVDME shell 'pgrep --help; echo $?''
[debug] [35m[ADB][39m Running 'C:\Users\Faisal Akmal\AppData\Local\Android\Sdk\platform-tools\adb.exe -P 5037 -s RR8M20EVDME shell pgrep -f \(\[\[:blank:\]\]\|\^\)io\.appium\.settings\(\[\[:blank:\]\]\|\$\)'
[debug] [35m[AndroidDriver][39m io.appium.settings is already running. There is no need to reset its permissions.
[debug] [35m[ADB][39m Running 'C:\Users\Faisal Akmal\AppData\Local\Android\Sdk\platform-tools\adb.exe -P 5037 -s RR8M20EVDME shell appops set io.appium.settings android:mock_location allow'
[debug] [35m[Logcat][39m Starting logs capture with command: 'C:\\Users\\Faisal Akmal\\AppData\\Local\\Android\\Sdk\\platform-tools\\adb.exe' -P 5037 -s RR8M20EVDME logcat -v threadtime
[debug] [35m[UiAutomator2][39m Forwarding UiAutomator2 Server port 6790 to local port 62965
[debug] [35m[ADB][39m Forwarding system: 62965 to device: 6790
[debug] [35m[ADB][39m Running 'C:\Users\Faisal Akmal\AppData\Local\Android\Sdk\platform-tools\adb.exe -P 5037 -s RR8M20EVDME forward tcp:62965 tcp:6790'
[debug] [35m[ADB][39m Getting install status for io.appium.uiautomator2.server
[debug] [35m[ADB][39m Running 'C:\Users\Faisal Akmal\AppData\Local\Android\Sdk\platform-tools\adb.exe -P 5037 -s RR8M20EVDME shell dumpsys package io.appium.uiautomator2.server'
[debug] [35m[ADB][39m 'io.appium.uiautomator2.server' is installed
[debug] [35m[ADB][39m Getting package info for 'io.appium.uiautomator2.server'
[debug] [35m[ADB][39m Running 'C:\Users\Faisal Akmal\AppData\Local\Android\Sdk\platform-tools\adb.exe -P 5037 -s RR8M20EVDME shell dumpsys package io.appium.uiautomator2.server'
[debug] [35m[ADB][39m The version name of the installed 'io.appium.uiautomator2.server' is greater or equal to the application version name ('4.27.0' >= '4.27.0')
[debug] [35m[UiAutomator2][39m io.appium.uiautomator2.server installation state: sameVersionInstalled
[debug] [35m[ADB][39m Checking app cert for C:\Users\Faisal Akmal\AppData\Roaming\npm\node_modules\appium\node_modules\appium-uiautomator2-server\apks\appium-uiautomator2-server-v4.27.0.apk
[35m[ADB][39m Using 'apksigner.jar' from 'C:\Users\Faisal Akmal\AppData\Local\Android\Sdk\build-tools\32.0.0\lib\apksigner.jar'
[debug] [35m[ADB][39m Starting apksigner: 'C:\\Users\\Faisal Akmal\\Downloads\\Katalon_Studio_Windows_64-8.5.5\\jre\\bin\\java.exe' -Xmx1024M -Xss1m -jar 'C:\\Users\\Faisal Akmal\\AppData\\Local\\Android\\Sdk\\build-tools\\32.0.0\\lib\\apksigner.jar' verify --print-certs 'C:\\Users\\Faisal Akmal\\AppData\\Roaming\\npm\\node_modules\\appium\\node_modules\\appium-uiautomator2-server\\apks\\appium-uiautomator2-server-v4.27.0.apk'
[debug] [35m[ADB][39m apksigner stdout: Signer #1 certificate DN: EMAILADDRESS=android@android.com, CN=Android, OU=Android, O=Android, L=Mountain View, ST=California, C=US
[debug] [35m[ADB][39m Signer #1 certificate SHA-256 digest: a40da80a59d170caa950cf15c18c454d47a39b26989d8b640ecd745ba71bf5dc
[debug] [35m[ADB][39m Signer #1 certificate SHA-1 digest: 61ed377e85d386a8dfee6b864bd85b0bfaa5af81
[debug] [35m[ADB][39m Signer #1 certificate MD5 digest: e89b158e4bcf988ebd09eb83f5378e87
[debug] [35m[ADB][39m 
[debug] [35m[ADB][39m sha256 hash did match for 'appium-uiautomator2-server-v4.27.0.apk'
[35m[ADB][39m 'C:\Users\Faisal Akmal\AppData\Roaming\npm\node_modules\appium\node_modules\appium-uiautomator2-server\apks\appium-uiautomator2-server-v4.27.0.apk' is signed with the default certificate
[debug] [35m[ADB][39m Getting install status for io.appium.uiautomator2.server.test
[debug] [35m[ADB][39m Running 'C:\Users\Faisal Akmal\AppData\Local\Android\Sdk\platform-tools\adb.exe -P 5037 -s RR8M20EVDME shell dumpsys package io.appium.uiautomator2.server.test'
[debug] [35m[ADB][39m 'io.appium.uiautomator2.server.test' is installed
[debug] [35m[ADB][39m Checking app cert for C:\Users\Faisal Akmal\AppData\Roaming\npm\node_modules\appium\node_modules\appium-uiautomator2-server\apks\appium-uiautomator2-server-debug-androidTest.apk
[debug] [35m[ADB][39m Starting apksigner: 'C:\\Users\\Faisal Akmal\\Downloads\\Katalon_Studio_Windows_64-8.5.5\\jre\\bin\\java.exe' -Xmx1024M -Xss1m -jar 'C:\\Users\\Faisal Akmal\\AppData\\Local\\Android\\Sdk\\build-tools\\32.0.0\\lib\\apksigner.jar' verify --print-certs 'C:\\Users\\Faisal Akmal\\AppData\\Roaming\\npm\\node_modules\\appium\\node_modules\\appium-uiautomator2-server\\apks\\appium-uiautomator2-server-debug-androidTest.apk'
[debug] [35m[ADB][39m apksigner stdout: Signer #1 certificate DN: EMAILADDRESS=android@android.com, CN=Android, OU=Android, O=Android, L=Mountain View, ST=California, C=US
[debug] [35m[ADB][39m Signer #1 certificate SHA-256 digest: a40da80a59d170caa950cf15c18c454d47a39b26989d8b640ecd745ba71bf5dc
[debug] [35m[ADB][39m Signer #1 certificate SHA-1 digest: 61ed377e85d386a8dfee6b864bd85b0bfaa5af81
[debug] [35m[ADB][39m Signer #1 certificate MD5 digest: e89b158e4bcf988ebd09eb83f5378e87
[debug] [35m[ADB][39m 
[debug] [35m[ADB][39m sha256 hash did match for 'appium-uiautomator2-server-debug-androidTest.apk'
[35m[ADB][39m 'C:\Users\Faisal Akmal\AppData\Roaming\npm\node_modules\appium\node_modules\appium-uiautomator2-server\apks\appium-uiautomator2-server-debug-androidTest.apk' is signed with the default certificate
[35m[UiAutomator2][39m Server packages are not going to be (re)installed
[debug] [35m[UiAutomator2][39m Waiting up to 30000ms for services to be available
[debug] [35m[ADB][39m Running 'C:\Users\Faisal Akmal\AppData\Local\Android\Sdk\platform-tools\adb.exe -P 5037 -s RR8M20EVDME shell pm list instrumentation'
[debug] [35m[UiAutomator2][39m Instrumentation target 'io.appium.uiautomator2.server.test/androidx.test.runner.AndroidJUnitRunner' is available
[35m[ADB][39m Adding packages ["io.appium.settings","io.appium.uiautomator2.server","io.appium.uiautomator2.server.test"] to Doze whitelist
[debug] [35m[ADB][39m Got the following command chunks to execute: [["dumpsys","deviceidle","whitelist","+io.appium.settings",";","dumpsys","deviceidle","whitelist","+io.appium.uiautomator2.server",";","dumpsys","deviceidle","whitelist","+io.appium.uiautomator2.server.test",";"]]
[debug] [35m[ADB][39m Running 'C:\Users\Faisal Akmal\AppData\Local\Android\Sdk\platform-tools\adb.exe -P 5037 -s RR8M20EVDME shell dumpsys deviceidle whitelist +io.appium.settings ; dumpsys deviceidle whitelist +io.appium.uiautomator2.server ; dumpsys deviceidle whitelist +io.appium.uiautomator2.server.test ;'
[debug] [35m[ADB][39m Checking app cert for C:\Users\Faisal Akmal\Documents\Automation\nodejs-webdriverio-appium\app\android\SampleAndroidApp.apk
[debug] [35m[ADB][39m Starting apksigner: 'C:\\Users\\Faisal Akmal\\Downloads\\Katalon_Studio_Windows_64-8.5.5\\jre\\bin\\java.exe' -Xmx1024M -Xss1m -jar 'C:\\Users\\Faisal Akmal\\AppData\\Local\\Android\\Sdk\\build-tools\\32.0.0\\lib\\apksigner.jar' verify --print-certs 'C:\\Users\\Faisal Akmal\\Documents\\Automation\\nodejs-webdriverio-appium\\app\\android\\SampleAndroidApp.apk'
[debug] [35m[ADB][39m apksigner stdout: Signer #1 certificate DN: CN=sayyed ali
[debug] [35m[ADB][39m Signer #1 certificate SHA-256 digest: 3d33c0830909434543fa9fb2c2169f7d3e55d77287a306075d7690c06840f576
[debug] [35m[ADB][39m Signer #1 certificate SHA-1 digest: 95a80637c08af367e995d2e4b54f08fe9c20d951
[debug] [35m[ADB][39m Signer #1 certificate MD5 digest: 2ac88a68c9377cf673381f1d4c66e791
[debug] [35m[ADB][39m 
[35m[ADB][39m 'C:\Users\Faisal Akmal\Documents\Automation\nodejs-webdriverio-appium\app\android\SampleAndroidApp.apk' is signed with a non-default certificate
[debug] [35m[ADB][39m Getting install status for com.loginmodule.learning
[debug] [35m[ADB][39m Running 'C:\Users\Faisal Akmal\AppData\Local\Android\Sdk\platform-tools\adb.exe -P 5037 -s RR8M20EVDME shell dumpsys package com.loginmodule.learning'
[debug] [35m[ADB][39m 'com.loginmodule.learning' is not installed
[debug] [35m[ADB][39m App 'C:\Users\Faisal Akmal\Documents\Automation\nodejs-webdriverio-appium\app\android\SampleAndroidApp.apk' is not installed
[debug] [35m[ADB][39m Installing 'C:\Users\Faisal Akmal\Documents\Automation\nodejs-webdriverio-appium\app\android\SampleAndroidApp.apk'
[debug] [35m[ADB][39m Running 'C:\Users\Faisal Akmal\AppData\Local\Android\Sdk\platform-tools\adb.exe -P 5037 -s RR8M20EVDME help'
[debug] [35m[ADB][39m Running 'C:\Users\Faisal Akmal\AppData\Local\Android\Sdk\platform-tools\adb.exe -P 5037 -s RR8M20EVDME features'
[35m[ADB][39m The application at 'C:\Users\Faisal Akmal\Documents\Automation\nodejs-webdriverio-appium\app\android\SampleAndroidApp.apk' will not be cached, because the device under test has confirmed the support of streamed installs
[debug] [35m[ADB][39m Running 'C:\Users\Faisal Akmal\AppData\Local\Android\Sdk\platform-tools\adb.exe -P 5037 -s RR8M20EVDME install -g 'C:\\Users\\Faisal Akmal\\Documents\\Automation\\nodejs-webdriverio-appium\\app\\android\\SampleAndroidApp.apk''
[35m[ADB][39m The installation of 'SampleAndroidApp.apk' took 1402ms
[debug] [35m[ADB][39m Install command stdout: Performing Streamed Install
[debug] [35m[ADB][39m Success
[debug] [35m[UiAutomator2][39m Performing shallow cleanup of automation leftovers
[debug] [35m[UiAutomator2][39m The following obsolete sessions are still running: ["ce188ece-5b08-4ac7-a550-f4e0e7afb721"]
[debug] [35m[UiAutomator2][39m Cleaning up 1 obsolete session
[debug] [35m[ADB][39m Running 'C:\Users\Faisal Akmal\AppData\Local\Android\Sdk\platform-tools\adb.exe -P 5037 -s RR8M20EVDME shell am force-stop io.appium.uiautomator2.server.test'
[35m[UiAutomator2][39m Starting UIAutomator2 server 4.27.0
[35m[UiAutomator2][39m Using UIAutomator2 server from 'C:\Users\Faisal Akmal\AppData\Roaming\npm\node_modules\appium\node_modules\appium-uiautomator2-server\apks\appium-uiautomator2-server-v4.27.0.apk' and test from 'C:\Users\Faisal Akmal\AppData\Roaming\npm\node_modules\appium\node_modules\appium-uiautomator2-server\apks\appium-uiautomator2-server-debug-androidTest.apk'
[35m[UiAutomator2][39m Waiting up to 30000ms for UiAutomator2 to be online...
[debug] [35m[ADB][39m Creating ADB subprocess with args: ["-P",5037,"-s","RR8M20EVDME","shell","am","instrument","-w","-e","disableAnalytics",true,"io.appium.uiautomator2.server.test/androidx.test.runner.AndroidJUnitRunner"]
[debug] [35m[WD Proxy][39m Matched '/status' to command name 'getStatus'
[debug] [35m[WD Proxy][39m Proxying [GET /status] to [GET http://127.0.0.1:62965/wd/hub/status] with no body
[35m[WD Proxy][39m socket hang up
[debug] [35m[Instrumentation][39m io.appium.uiautomator2.server.test.AppiumUiAutomator2Server:
[debug] [35m[WD Proxy][39m Matched '/status' to command name 'getStatus'
[debug] [35m[WD Proxy][39m Proxying [GET /status] to [GET http://127.0.0.1:62965/wd/hub/status] with no body
[35m[WD Proxy][39m socket hang up
[debug] [35m[WD Proxy][39m Matched '/status' to command name 'getStatus'
[debug] [35m[WD Proxy][39m Proxying [GET /status] to [GET http://127.0.0.1:62965/wd/hub/status] with no body
[debug] [35m[WD Proxy][39m Got response with status 200: {"sessionId":"None","value":{"message":"UiAutomator2 Server is ready to accept commands","ready":true}}
[debug] [35m[UiAutomator2][39m The initialization of the instrumentation process took 2188ms
[debug] [35m[WD Proxy][39m Matched '/session' to command name 'createSession'
[debug] [35m[WD Proxy][39m Proxying [POST /session] to [POST http://127.0.0.1:62965/wd/hub/session] with body: {"capabilities":{"firstMatch":[{"platform":"ANDROID","webStorageEnabled":false,"takesScreenshot":true,"javascriptEnabled":true,"databaseEnabled":false,"networkConnectionEnabled":true,"locationContextEnabled":false,"warnings":{},"desired":{"platformName":"android","deviceId":"RR8M20EVDME","platform":"ANDROID","chromedriverPort":62954,"app":"C:\\Users\\Faisal Akmal\\Documents\\Automation\\nodejs-webdriverio-appium\\app\\android\\SampleAndroidApp.apk","autoGrantPermissions":true,"automationName":"uiautomator2","deviceName":"samsung SM-G973F (Android 12)","fullReset":false,"newCommandTimeout":1800,"noReset":true,"platformVersion":"12","systemPort":62965,"udid":"RR8M20EVDME"},"platformName":"android","deviceId":"RR8M20EVDME","chromedriverPort":62954,"app":"C:\\Users\\Faisal Akmal\\Documents\\Automation\\nodejs-webdriverio-appium\\app\\android\\SampleAndroidApp.apk","autoGrantPermissions":true,"automationName":"uiautomator2","deviceName":"RR8M20EVDME","fullReset":false,"newCommandTimeout":1800,"noReset":true,"pl...
[debug] [35m[WD Proxy][39m Got response with status 200: {"sessionId":"02951f19-782e-4ce1-9a6e-74a4226ca0e0","value":{"capabilities":{"firstMatch":[{"platform":"ANDROID","webStorageEnabled":false,"takesScreenshot":true,"javascriptEnabled":true,"databaseEnabled":false,"networkConnectionEnabled":true,"locationContextEnabled":false,"warnings":{},"desired":{"platformName":"android","deviceId":"RR8M20EVDME","platform":"ANDROID","chromedriverPort":62954,"app":"C:\\Users\\Faisal Akmal\\Documents\\Automation\\nodejs-webdriverio-appium\\app\\android\\SampleAndroidApp.apk","autoGrantPermissions":true,"automationName":"uiautomator2","deviceName":"samsung SM-G973F (Android 12)","fullReset":false,"newCommandTimeout":1800,"noReset":true,"platformVersion":"12","systemPort":62965,"udid":"RR8M20EVDME"},"platformName":"android","deviceId":"RR8M20EVDME","chromedriverPort":62954,"app":"C:\\Users\\Faisal Akmal\\Documents\\Automation\\nodejs-webdriverio-appium\\app\\android\\SampleAndroidApp.apk","autoGrantPermissions":true,"automationName":"uiautomator2","deviceName":"RR8M20EVDME","...
[35m[WD Proxy][39m Determined the downstream protocol as 'W3C'
[debug] [35m[WD Proxy][39m Proxying [GET /appium/device/info] to [GET http://127.0.0.1:62965/wd/hub/session/02951f19-782e-4ce1-9a6e-74a4226ca0e0/appium/device/info] with no body
[debug] [35m[WD Proxy][39m Got response with status 200: {"sessionId":"02951f19-782e-4ce1-9a6e-74a4226ca0e0","value":{"androidId":"4d77939cf9d994d6","apiVersion":"31","bluetooth":{"state":"OFF"},"brand":"samsung","carrierName":"Tsel-PakaiMasker","displayDensity":280,"locale":"en_US","manufacturer":"samsung","model":"SM-G973F","networks":[{"capabilities":{"SSID":null,"linkDownBandwidthKbps":10973,"linkUpstreamBandwidthKbps":8682,"networkCapabilities":"NET_CAPABILITY_NOT_METERED,NET_CAPABILITY_INTERNET,NET_CAPABILITY_NOT_RESTRICTED,NET_CAPABILITY_TRUSTED,NET_CAPABILITY_NOT_VPN,NET_CAPABILITY_VALIDATED,NET_CAPABILITY_NOT_ROAMING,NET_CAPABILITY_FOREGROUND,NET_CAPABILITY_NOT_CONGESTED,NET_CAPABILITY_NOT_SUSPENDED","signalStrength":-64,"transportTypes":"TRANSPORT_WIFI"},"detailedState":"CONNECTED","extraInfo":"","isAvailable":true,"isConnected":true,"isFailover":false,"isRoaming":false,"state":"CONNECTED","subtype":-1,"subtypeName":"","type":1,"typeName":"WIFI"},{"capabilities":{"SSID":null,"linkDownBandwidthKbps":18093,"linkUpstreamBandwidthKbps":5099,"networkCapabil...
[debug] [35m[ADB][39m Running 'C:\Users\Faisal Akmal\AppData\Local\Android\Sdk\platform-tools\adb.exe -P 5037 -s RR8M20EVDME shell dumpsys window'
[35m[AndroidDriver][39m Screen already unlocked, doing nothing
[35m[UiAutomator2][39m Starting 'com.loginmodule.learning/com.loginmodule.learning.activities.LoginActivity and waiting for 'com.loginmodule.learning/com.loginmodule.learning.activities.LoginActivity'
[debug] [35m[ADB][39m Running 'C:\Users\Faisal Akmal\AppData\Local\Android\Sdk\platform-tools\adb.exe -P 5037 -s RR8M20EVDME shell am start -W -n com.loginmodule.learning/com.loginmodule.learning.activities.LoginActivity -S -a android.intent.action.MAIN -c android.intent.category.LAUNCHER -f 0x10200000'
[debug] [35m[ADB][39m Waiting up to 20000ms for activity matching pkg: 'com.loginmodule.learning' and activity: 'com.loginmodule.learning.activities.LoginActivity' to be focused
[debug] [35m[ADB][39m Possible activities, to be checked: 'com.loginmodule.learning.activities.LoginActivity', 'com.loginmodule.learning.com.loginmodule.learning.activities.LoginActivity'
[debug] [35m[ADB][39m Getting focused package and activity
[debug] [35m[ADB][39m Running 'C:\Users\Faisal Akmal\AppData\Local\Android\Sdk\platform-tools\adb.exe -P 5037 -s RR8M20EVDME shell dumpsys window displays'
[debug] [35m[ADB][39m Found package: 'com.loginmodule.learning' and fully qualified activity name : 'com.loginmodule.learning.activities.LoginActivity'
[debug] [35m[WD Proxy][39m Proxying [GET /appium/device/pixel_ratio] to [GET http://127.0.0.1:62965/wd/hub/session/02951f19-782e-4ce1-9a6e-74a4226ca0e0/appium/device/pixel_ratio] with no body
[debug] [35m[WD Proxy][39m Got response with status 200: {"sessionId":"02951f19-782e-4ce1-9a6e-74a4226ca0e0","value":1.75}
[debug] [35m[WD Proxy][39m Matched '/appium/device/system_bars' to command name 'getSystemBars'
[debug] [35m[WD Proxy][39m Proxying [GET /appium/device/system_bars] to [GET http://127.0.0.1:62965/wd/hub/session/02951f19-782e-4ce1-9a6e-74a4226ca0e0/appium/device/system_bars] with no body
[debug] [35m[WD Proxy][39m Got response with status 200: {"sessionId":"02951f19-782e-4ce1-9a6e-74a4226ca0e0","value":{"statusBar":75}}
[debug] [35m[WD Proxy][39m Matched '/window/current/size' to command name 'getWindowSize'
[debug] [35m[WD Proxy][39m Proxying [GET /window/current/size] to [GET http://127.0.0.1:62965/wd/hub/session/02951f19-782e-4ce1-9a6e-74a4226ca0e0/window/current/size] with no body
[debug] [35m[WD Proxy][39m Got response with status 200: {"sessionId":"02951f19-782e-4ce1-9a6e-74a4226ca0e0","value":{"height":1361,"width":720}}
[35m[Appium][39m New AndroidUiautomator2Driver session created successfully, session f95c88df-b288-4fb6-8720-2bcd6a87c135 added to master session list
[debug] [35m[BaseDriver][39m Event 'newSessionStarted' logged at 1679160078734 (00:21:18 GMT+0700 (Western Indonesia Time))
[debug] [35m[W3C (f95c88df)][39m Cached the protocol value 'W3C' for the new session f95c88df-b288-4fb6-8720-2bcd6a87c135
[debug] [35m[W3C (f95c88df)][39m Responding to client with driver.createSession() result: {"capabilities":{"platform":"ANDROID","webStorageEnabled":false,"takesScreenshot":true,"javascriptEnabled":true,"databaseEnabled":false,"networkConnectionEnabled":true,"locationContextEnabled":false,"warnings":{},"desired":{"platformName":"android","deviceId":"RR8M20EVDME","platform":"ANDROID","chromedriverPort":62954,"app":"C:\\Users\\Faisal Akmal\\Documents\\Automation\\nodejs-webdriverio-appium\\app\\android\\SampleAndroidApp.apk","autoGrantPermissions":true,"automationName":"uiautomator2","deviceName":"samsung SM-G973F (Android 12)","fullReset":false,"newCommandTimeout":1800,"noReset":true,"platformVersion":"12","systemPort":62965,"udid":"RR8M20EVDME"},"platformName":"android","deviceId":"RR8M20EVDME","chromedriverPort":62954,"app":"C:\\Users\\Faisal Akmal\\Documents\\Automation\\nodejs-webdriverio-appium\\app\\android\\SampleAndroidApp.apk","autoGrantPermissions":true,"automationName":"uiautomator2","deviceName":"RR8M20EVDME","fullReset":false,"newCommandTimeout":1800,"noReset":true,"platformVersion":...
[35m[HTTP][39m [37m<-- POST /wd/hub/session [39m[32m200[39m [90m19050 ms - 1425[39m
[35m[HTTP][39m [90m[39m
[35m[HTTP][39m [37m-->[39m [37mGET[39m [37m/wd/hub/session/f95c88df-b288-4fb6-8720-2bcd6a87c135[39m
[35m[HTTP][39m [90m{}[39m
[debug] [35m[W3C (f95c88df)][39m Calling AppiumDriver.getSession() with args: ["f95c88df-b288-4fb6-8720-2bcd6a87c135"]
[debug] [35m[UiAutomator2][39m Getting session details from server to mix in
[debug] [35m[WD Proxy][39m Matched '/' to command name 'getSession'
[debug] [35m[WD Proxy][39m Proxying [GET /] to [GET http://127.0.0.1:62965/wd/hub/session/02951f19-782e-4ce1-9a6e-74a4226ca0e0] with no body
[debug] [35m[WD Proxy][39m Got response with status 200: {"sessionId":"02951f19-782e-4ce1-9a6e-74a4226ca0e0","value":{"lastScrollData":null}}
[debug] [35m[W3C (f95c88df)][39m Responding to client with driver.getSession() result: {"platform":"ANDROID","webStorageEnabled":false,"takesScreenshot":true,"javascriptEnabled":true,"databaseEnabled":false,"networkConnectionEnabled":true,"locationContextEnabled":false,"warnings":{},"desired":{"platformName":"android","deviceId":"RR8M20EVDME","platform":"ANDROID","chromedriverPort":62954,"app":"C:\\Users\\Faisal Akmal\\Documents\\Automation\\nodejs-webdriverio-appium\\app\\android\\SampleAndroidApp.apk","autoGrantPermissions":true,"automationName":"uiautomator2","deviceName":"samsung SM-G973F (Android 12)","fullReset":false,"newCommandTimeout":1800,"noReset":true,"platformVersion":"12","systemPort":62965,"udid":"RR8M20EVDME"},"platformName":"android","deviceId":"RR8M20EVDME","chromedriverPort":62954,"app":"C:\\Users\\Faisal Akmal\\Documents\\Automation\\nodejs-webdriverio-appium\\app\\android\\SampleAndroidApp.apk","autoGrantPermissions":true,"automationName":"uiautomator2","deviceName":"RR8M20EVDME","fullReset":false,"newCommandTimeout":1800,"noReset":true,"platformVersion":"12","systemPort...
[35m[HTTP][39m [37m<-- GET /wd/hub/session/f95c88df-b288-4fb6-8720-2bcd6a87c135 [39m[32m200[39m [90m23 ms - 1379[39m
[35m[HTTP][39m [90m[39m
[35m[HTTP][39m [37m-->[39m [37mGET[39m [37m/wd/hub/session/f95c88df-b288-4fb6-8720-2bcd6a87c135[39m
[35m[HTTP][39m [90m{}[39m
[debug] [35m[W3C (f95c88df)][39m Calling AppiumDriver.getSession() with args: ["f95c88df-b288-4fb6-8720-2bcd6a87c135"]
[debug] [35m[UiAutomator2][39m Getting session details from server to mix in
[debug] [35m[WD Proxy][39m Matched '/' to command name 'getSession'
[debug] [35m[WD Proxy][39m Proxying [GET /] to [GET http://127.0.0.1:62965/wd/hub/session/02951f19-782e-4ce1-9a6e-74a4226ca0e0] with no body
[debug] [35m[WD Proxy][39m Got response with status 200: {"sessionId":"02951f19-782e-4ce1-9a6e-74a4226ca0e0","value":{"lastScrollData":null}}
[debug] [35m[W3C (f95c88df)][39m Responding to client with driver.getSession() result: {"platform":"ANDROID","webStorageEnabled":false,"takesScreenshot":true,"javascriptEnabled":true,"databaseEnabled":false,"networkConnectionEnabled":true,"locationContextEnabled":false,"warnings":{},"desired":{"platformName":"android","deviceId":"RR8M20EVDME","platform":"ANDROID","chromedriverPort":62954,"app":"C:\\Users\\Faisal Akmal\\Documents\\Automation\\nodejs-webdriverio-appium\\app\\android\\SampleAndroidApp.apk","autoGrantPermissions":true,"automationName":"uiautomator2","deviceName":"samsung SM-G973F (Android 12)","fullReset":false,"newCommandTimeout":1800,"noReset":true,"platformVersion":"12","systemPort":62965,"udid":"RR8M20EVDME"},"platformName":"android","deviceId":"RR8M20EVDME","chromedriverPort":62954,"app":"C:\\Users\\Faisal Akmal\\Documents\\Automation\\nodejs-webdriverio-appium\\app\\android\\SampleAndroidApp.apk","autoGrantPermissions":true,"automationName":"uiautomator2","deviceName":"RR8M20EVDME","fullReset":false,"newCommandTimeout":1800,"noReset":true,"platformVersion":"12","systemPort...
[35m[HTTP][39m [37m<-- GET /wd/hub/session/f95c88df-b288-4fb6-8720-2bcd6a87c135 [39m[32m200[39m [90m17 ms - 1379[39m
[35m[HTTP][39m [90m[39m
[35m[HTTP][39m [37m-->[39m [37mGET[39m [37m/wd/hub/status[39m
[35m[HTTP][39m [90m{}[39m
[debug] [35m[GENERIC][39m Calling AppiumDriver.getStatus() with args: []
[debug] [35m[GENERIC][39m Responding to client with driver.getStatus() result: {"build":{"version":"1.22.3"}}
[35m[HTTP][39m [37m<-- GET /wd/hub/status [39m[32m200[39m [90m2 ms - 68[39m
[35m[HTTP][39m [90m[39m
[35m[HTTP][39m [37m-->[39m [37mPOST[39m [37m/wd/hub/session/f95c88df-b288-4fb6-8720-2bcd6a87c135/timeouts[39m
[35m[HTTP][39m [90m{"implicit":60000}[39m
[debug] [35m[W3C (f95c88df)][39m Calling AppiumDriver.timeouts() with args: [null,null,null,null,60000,"f95c88df-b288-4fb6-8720-2bcd6a87c135"]
[debug] [35m[BaseDriver][39m W3C timeout argument: {"implicit":60000}}
[debug] [35m[BaseDriver][39m Set implicit wait to 60000ms
[debug] [35m[W3C (f95c88df)][39m Responding to client with driver.timeouts() result: null
[35m[HTTP][39m [37m<-- POST /wd/hub/session/f95c88df-b288-4fb6-8720-2bcd6a87c135/timeouts [39m[32m200[39m [90m13 ms - 14[39m
[35m[HTTP][39m [90m[39m
[35m[HTTP][39m [37m-->[39m [37mGET[39m [37m/wd/hub/session/f95c88df-b288-4fb6-8720-2bcd6a87c135/source[39m
[35m[HTTP][39m [90m{}[39m
[35m[W3C (f95c88df)][39m Driver proxy active, passing request on via HTTP proxy
[debug] [35m[WD Proxy][39m Matched '/wd/hub/session/f95c88df-b288-4fb6-8720-2bcd6a87c135/source' to command name 'getPageSource'
[debug] [35m[WD Proxy][39m Proxying [GET /wd/hub/session/f95c88df-b288-4fb6-8720-2bcd6a87c135/source] to [GET http://127.0.0.1:62965/wd/hub/session/02951f19-782e-4ce1-9a6e-74a4226ca0e0/source] with no body
[debug] [35m[WD Proxy][39m Got response with status 200: {"sessionId":"02951f19-782e-4ce1-9a6e-74a4226ca0e0","value":"<?xml version='1.0' encoding='UTF-8' standalone='yes' ?>\r\n<hierarchy index=\"0\" class=\"hierarchy\" rotation=\"0\" width=\"720\" height=\"1361\">\r\n  <android.widget.FrameLayout index=\"0\" package=\"com.loginmodule.learning\" class=\"android.widget.FrameLayout\" text=\"\" checkable=\"false\" checked=\"false\" clickable=\"false\" enabled=\"true\" focusable=\"false\" focused=\"false\" long-clickable=\"false\" password=\"false\" scrollable=\"false\" selected=\"false\" bounds=\"[0,86][720,1339]\" displayed=\"true\">\r\n    <android.widget.LinearLayout index=\"0\" package=\"com.loginmodule.learning\" class=\"android.widget.LinearLayout\" text=\"\" checkable=\"false\" checked=\"false\" clickable=\"false\" enabled=\"true\" focusable=\"false\" focused=\"false\" long-clickable=\"false\" password=\"false\" scrollable=\"false\" selected=\"false\" bounds=\"[0,86][720,1339]\" displayed=\"true\">\r\n      <android.widget.FrameLayout index=\"0\" package=\"...
[35m[WD Proxy][39m Replacing sessionId 02951f19-782e-4ce1-9a6e-74a4226ca0e0 with f95c88df-b288-4fb6-8720-2bcd6a87c135
[35m[HTTP][39m [37m<-- GET /wd/hub/session/f95c88df-b288-4fb6-8720-2bcd6a87c135/source [39m[32m200[39m [90m135 ms - 6945[39m
[35m[HTTP][39m [90m[39m
[35m[HTTP][39m [37m-->[39m [37mGET[39m [37m/wd/hub/session/f95c88df-b288-4fb6-8720-2bcd6a87c135/screenshot[39m
[35m[HTTP][39m [90m{}[39m
[debug] [35m[W3C (f95c88df)][39m Calling AppiumDriver.getScreenshot() with args: ["f95c88df-b288-4fb6-8720-2bcd6a87c135"]
[debug] [35m[WD Proxy][39m Matched '/screenshot' to command name 'getScreenshot'
[debug] [35m[WD Proxy][39m Proxying [GET /screenshot] to [GET http://127.0.0.1:62965/wd/hub/session/02951f19-782e-4ce1-9a6e-74a4226ca0e0/screenshot] with no body
[debug] [35m[WD Proxy][39m Got response with status 200: {"sessionId":"02951f19-782e-4ce1-9a6e-74a4226ca0e0","value":"iVBORw0KGgoAAAANSUhEUgAAAtAAAAXwCAYAAAB7XHwkAAAAAXNSR0IArs4c6QAAAARzQklUCAgI\nCHwIZIgAACAASURBVHic7N17fJTlnf//9z2TyZFkOKMoAc8KBGmt68MNFmu3B2ILHlolrVjbb6v8\nPLRqK1Ztu4991ENBXV1EBbXbVl2h22oLbqGubUULuvWIgqgIBBI5JgPknMkcrt8fkxlmkkky92Rm\nMpO8nj5uTDJzX/d1z0xyv+eaz33dliQjAAAAAAlxDHYHAAAAgFxCgAYAAABsIEADAAAANhCgAQAA\nABsI0AAAAIANBGgAAADABgI0AAAAYAMBGgAAALCBAA0AAADYQIAGAAAAbCBAAwAAADYQoAEAAAAb\nCNAAAACADQRoAAAAwAYCNAAAAGADARoAAACwgQANAAAA2ECABgAAAGwgQAMAAAA2EKABAAAAGwjQ\nAAAAgA0EaAAAAMAGAjQAAABgAwEaAAAAsIEADQAAANhAgAYAAABsIEADAAAANhCgAQAAABsI0AAA\nAIANBGgAAADABgI0AAAAYAMBGgAAALCBAA0AAADYkDfYHQAAAP2rqKjQ5s2bB7sbkFRcXKzi4uKY\nn7W1tamtrW2QeoRMy/kAPWvWLH3ta1/TlClT5HQ6tX//fr3wwgv6/e9/n5b1ejNz5kxVVVVp6tSp\nGjVqlPx+v3bu3Klnn31WGzZsSKiNgoICXXLJJZoyZYq2b9+u3/3ud0n1JdtNmzZN11xzjSoqKmRZ\nljZv3qwVK1Zoy5YtKd9WcXGxpk6dqpkzZ2rixIkqLCxUXl7oZZ+fny9J6uzslCQFAgF1dHRo7969\n2rRpk7Zu3arW1taU9wkYLOXl5WpsbFRjY2PC93e73RkJbW63W/Pnz9e6detUW1ub8vYrKio0f/58\nTZ8+XVLoGCBJtbW1qq2tVVNT...
[debug] [35m[W3C (f95c88df)][39m Responding to client with driver.getScreenshot() result: "iVBORw0KGgoAAAANSUhEUgAAAtAAAAXwCAYAAAB7XHwkAAAAAXNSR0IArs4c6QAAAARzQklUCAgI\nCHwIZIgAACAASURBVHic7N17fJTlnf//9z2TyZFkOKMoAc8KBGmt68MNFmu3B2ILHlolrVjbb6v8\nPLRqK1Ztu4991ENBXV1EBbXbVl2h22oLbqGubUULuvWIgqgIBBI5JgPknMkcrt8fkxlmkkky92Rm\nMpO8nj5uTDJzX/d1z0xyv+eaz33dliQjAAAAAAlxDHYHAAAAgFxCgAYAAABsIEADAAAANhCgAQAA\nABsI0AAAAIANBGgAAADABgI0AAAAYAMBGgAAALCBAA0AAADYQIAGAAAAbCBAAwAAADYQoAEAAAAb\nCNAAAACADQRoAAAAwAYCNAAAAGADARoAAACwgQANAAAA2ECABgAAAGwgQAMAAAA2EKABAAAAGwjQ\nAAAAgA0EaAAAAMAGAjQAAABgAwEaAAAAsIEADQAAANhAgAYAAABsIEADAAAANhCgAQAAABsI0AAA\nAIANBGgAAADABgI0AAAAYAMBGgAAALCBAA0AAADYkDfYHQAAAP2rqKjQ5s2bB7sbkFRcXKzi4uKY\nn7W1tamtrW2QeoRMy/kAPWvWLH3ta1/TlClT5HQ6tX//fr3wwgv6/e9/n5b1ejNz5kxVVVVp6tSp\nGjVqlPx+v3bu3Klnn31WGzZsSKiNgoICXXLJJZoyZYq2b9+u3/3ud0n1JdtNmzZN11xzjSoqKmRZ\nljZv3qwVK1Zoy5YtKd9WcXGxpk6dqpkzZ2rixIkqLCxUXl7oZZ+fny9J6uzslCQFAgF1dHRo7969\n2rRpk7Zu3arW1taU9wkYLOXl5WpsbFRjY2PC93e73RkJbW63W/Pnz9e6detUW1ub8vYrKio0f/58\nTZ8+XVLoGCBJtbW1qq2tVVNTk/70pz9p3bp1CT8+iaqurtakSZO0ZMmSmP7MmTNHGzdu1MaNG/tt\n4+6779...
[35m[HTTP][39m [37m<-- GET /wd/hub/session/f95c88df-b288-4fb6-8720-2bcd6a87c135/screenshot [39m[32m200[39m [90m398 ms - 61456[39m
[35m[HTTP][39m [90m[39m
[35m[HTTP][39m [37m-->[39m [37mDELETE[39m [37m/wd/hub/session/f95c88df-b288-4fb6-8720-2bcd6a87c135[39m
[35m[HTTP][39m [90m{}[39m
[debug] [35m[W3C (f95c88df)][39m Calling AppiumDriver.deleteSession() with args: ["f95c88df-b288-4fb6-8720-2bcd6a87c135"]
[debug] [35m[BaseDriver][39m Event 'quitSessionRequested' logged at 1679160477690 (00:27:57 GMT+0700 (Western Indonesia Time))
[35m[Appium][39m Removing session f95c88df-b288-4fb6-8720-2bcd6a87c135 from our master session list
[debug] [35m[UiAutomator2][39m Deleting UiAutomator2 session
[debug] [35m[UiAutomator2][39m Deleting UiAutomator2 server session
[debug] [35m[WD Proxy][39m Matched '/' to command name 'deleteSession'
[debug] [35m[WD Proxy][39m Proxying [DELETE /] to [DELETE http://127.0.0.1:62965/wd/hub/session/02951f19-782e-4ce1-9a6e-74a4226ca0e0] with no body
[debug] [35m[WD Proxy][39m Got response with status 200: {"sessionId":"02951f19-782e-4ce1-9a6e-74a4226ca0e0","value":null}
[debug] [35m[ADB][39m Running 'C:\Users\Faisal Akmal\AppData\Local\Android\Sdk\platform-tools\adb.exe -P 5037 -s RR8M20EVDME shell am force-stop com.loginmodule.learning'
[debug] [35m[Logcat][39m Stopping logcat capture
[debug] [35m[ADB][39m Removing forwarded port socket connection: 62965 
[debug] [35m[ADB][39m Running 'C:\Users\Faisal Akmal\AppData\Local\Android\Sdk\platform-tools\adb.exe -P 5037 -s RR8M20EVDME forward --remove tcp:62965'
[35m[UiAutomator2][39m Restoring hidden api policy to the device default configuration
[debug] [35m[ADB][39m Running 'C:\Users\Faisal Akmal\AppData\Local\Android\Sdk\platform-tools\adb.exe -P 5037 -s RR8M20EVDME shell 'settings delete global hidden_api_policy_pre_p_apps;settings delete global hidden_api_policy_p_apps;settings delete global hidden_api_policy''
[debug] [35m[BaseDriver][39m Event 'quitSessionFinished' logged at 1679160478391 (00:27:58 GMT+0700 (Western Indonesia Time))
[debug] [35m[W3C (f95c88df)][39m Received response: null
[debug] [35m[W3C (f95c88df)][39m But deleting session, so not returning
[debug] [35m[W3C (f95c88df)][39m Responding to client with driver.deleteSession() result: null
[35m[HTTP][39m [37m<-- DELETE /wd/hub/session/f95c88df-b288-4fb6-8720-2bcd6a87c135 [39m[32m200[39m [90m709 ms - 14[39m
[35m[HTTP][39m [90m[39m
